<?xml version="1.0" encoding="UTF-8"?>
<!-- Generated by org.testng.reporters.JUnitReportReporter -->
<testsuite hostname="DESKTOP-IS5811H" failures="0" tests="2" name="TestScenarios.ChenckOutCopy" time="3.033" errors="0" timestamp="2025-01-24T11:15:17 WIB" skipped="0">
  <testcase classname="TestScenarios.ChenckOutCopy" name="Informations" time="1.617"/>
  <testcase classname="TestScenarios.ChenckOutCopy" name="AddtoCart" time="1.416"/>
</testsuite> <!-- TestScenarios.ChenckOutCopy -->
