<?xml version="1.0" encoding="UTF-8"?>
<!-- Generated by org.testng.reporters.JUnitReportReporter -->
<testsuite hostname="DESKTOP-IS5811H" failures="0" tests="1" name="TestScenarios.CheckOut" time="8.127" errors="0" timestamp="2025-01-24T12:46:27 WIB" skipped="0">
  <testcase classname="TestScenarios.CheckOut" name="CheckOutApp" time="8.127"/>
</testsuite> <!-- TestScenarios.CheckOut -->
