<?xml version="1.0" encoding="UTF-8"?>
<!-- Generated by org.testng.reporters.JUnitReportReporter -->
<testsuite hostname="DESKTOP-IS5811H" failures="0" tests="1" name="TestScenarios.ChenckOut" time="7.570" errors="0" timestamp="2025-01-24T11:08:36 WIB" skipped="0">
  <testcase classname="TestScenarios.ChenckOut" name="CheckOutApp" time="7.570"/>
</testsuite> <!-- TestScenarios.ChenckOut -->
