<?xml version="1.0" encoding="UTF-8"?>
<!-- Generated by org.testng.reporters.JUnitReportReporter -->
<testsuite hostname="DESKTOP-IS5811H" failures="0" tests="2" name="TestScenarios.CheckOutCopy" time="3.550" errors="0" timestamp="2025-01-24T12:46:27 WIB" skipped="0">
  <testcase classname="TestScenarios.CheckOutCopy" name="AddtoCart" time="1.704"/>
  <testcase classname="TestScenarios.CheckOutCopy" name="Informations" time="1.846"/>
</testsuite> <!-- TestScenarios.CheckOutCopy -->
